TN:
SF:/Users/developer/projects/VueJS/todo/src/components/Todo.vue
FN:32,(anonymous_0)
FNF:1
FNH:0
FNDA:0,(anonymous_0)
DA:25,2
DA:33,0
DA:39,2
DA:43,0
DA:44,0
DA:45,0
DA:50,0
LF:7
LH:2
BRDA:43,0,0,0
BRDA:43,0,1,0
BRF:2
BRH:0
end_of_record
TN:
SF:/Users/developer/projects/VueJS/todo/src/App.vue
FNF:0
FNH:0
LF:0
LH:0
BRF:0
BRH:0
end_of_record
TN:
SF:/Users/developer/projects/VueJS/todo/src/utils/Store.js
FN:3,(anonymous_0)
FN:7,(anonymous_1)
FN:11,(anonymous_2)
FNF:3
FNH:1
FNDA:1,(anonymous_0)
FNDA:0,(anonymous_1)
FNDA:0,(anonymous_2)
DA:4,1
DA:6,1
DA:8,0
DA:12,0
LF:4
LH:2
BRDA:8,0,0,0
BRDA:8,0,1,0
BRF:2
BRH:0
end_of_record
